[2025-07-19T11:27:13.425Z] {"type":"AUTH_EVENT","eventType":"LOGIN_FAILED","userId":null,"clientIP":"::1","details":"Login failed: query.ilike is not a function","timestamp":"2025-07-19T11:27:13.425Z"}
[2025-07-19T11:27:15.433Z] {"type":"AUTH_EVENT","eventType":"LOGIN_FAILED","userId":null,"clientIP":"::1","details":"Login failed: query.ilike is not a function","timestamp":"2025-07-19T11:27:15.433Z"}
[2025-07-19T11:27:19.168Z] {"type":"AUTH_EVENT","eventType":"LOGIN_FAILED","userId":null,"clientIP":"::1","details":"Login failed: query.ilike is not a function","timestamp":"2025-07-19T11:27:19.168Z"}
[2025-07-19T11:51:05.385Z] {"type":"AUTH_EVENT","eventType":"LOGIN_FAILED","userId":null,"clientIP":"::1","details":"Login failed: query.ilike is not a function","timestamp":"2025-07-19T11:51:05.385Z"}
[2025-07-19T11:52:09.244Z] {"type":"AUTH_EVENT","eventType":"LOGIN_SUCCESS","userId":19,"clientIP":"::1","details":"User renz1 logged in successfully","timestamp":"2025-07-19T11:52:09.244Z"}
[2025-07-19T11:52:42.941Z] {"type":"AUTH_EVENT","eventType":"LOGIN_SUCCESS","userId":19,"clientIP":"::1","details":"User renz1 logged in successfully","timestamp":"2025-07-19T11:52:42.940Z"}
[2025-07-19T11:53:47.050Z] {"type":"AUTH_EVENT","eventType":"LOGIN_SUCCESS","userId":19,"clientIP":"::1","details":"User renz1 logged in successfully","timestamp":"2025-07-19T11:53:47.050Z"}
[2025-07-19T12:07:13.595Z] {"type":"AUTH_EVENT","eventType":"LOGIN_FAILED","userId":null,"clientIP":"::1","details":"Login failed: supabase.from(...).select(...).eq is not a function","timestamp":"2025-07-19T12:07:13.595Z"}
[2025-07-19T12:07:37.642Z] {"type":"AUTH_EVENT","eventType":"LOGIN_FAILED","userId":null,"clientIP":"::1","details":"Login failed: supabase.from(...).select(...).eq is not a function","timestamp":"2025-07-19T12:07:37.642Z"}
[2025-07-19T12:08:03.024Z] {"type":"AUTH_EVENT","eventType":"LOGIN_FAILED","userId":null,"clientIP":"::1","details":"Login failed: supabase.from(...).select(...).eq is not a function","timestamp":"2025-07-19T12:08:03.023Z"}
[2025-07-19T12:14:57.847Z] {"type":"AUTH_EVENT","eventType":"LOGIN_SUCCESS","userId":19,"clientIP":"::1","details":"User renz1 logged in successfully","timestamp":"2025-07-19T12:14:57.847Z"}
[2025-07-19T12:16:53.770Z] {"type":"AUTH_EVENT","eventType":"AUTH_SUCCESS","userId":19,"clientIP":"::1","details":"JWT authentication successful","timestamp":"2025-07-19T12:16:53.769Z"}
[2025-07-19T12:19:32.724Z] {"type":"AUTH_EVENT","eventType":"LOGIN_SUCCESS","userId":19,"clientIP":"::1","details":"User renz1 logged in successfully","timestamp":"2025-07-19T12:19:32.724Z"}
[2025-07-19T12:19:34.734Z] {"type":"AUTH_EVENT","eventType":"AUTH_SUCCESS","userId":19,"clientIP":"::1","details":"JWT authentication successful","timestamp":"2025-07-19T12:19:34.733Z"}
[2025-07-19T12:21:27.963Z] {"type":"AUTH_EVENT","eventType":"AUTH_SUCCESS","userId":19,"clientIP":"::1","details":"JWT authentication successful","timestamp":"2025-07-19T12:21:27.962Z"}
[2025-07-19T12:21:31.544Z] {"type":"AUTH_EVENT","eventType":"AUTH_SUCCESS","userId":19,"clientIP":"::1","details":"JWT authentication successful","timestamp":"2025-07-19T12:21:31.544Z"}
[2025-07-19T12:23:49.163Z] {"type":"AUTH_EVENT","eventType":"LOGIN_SUCCESS","userId":19,"clientIP":"::1","details":"User renz1 logged in successfully","timestamp":"2025-07-19T12:23:49.162Z"}
[2025-07-19T12:23:53.714Z] {"type":"AUTH_EVENT","eventType":"AUTH_SUCCESS","userId":19,"clientIP":"::1","details":"JWT authentication successful","timestamp":"2025-07-19T12:23:53.714Z"}
[2025-07-19T12:24:54.338Z] {"type":"AUTH_EVENT","eventType":"LOGIN_SUCCESS","userId":19,"clientIP":"::1","details":"User renz1 logged in successfully","timestamp":"2025-07-19T12:24:54.337Z"}
[2025-07-19T12:26:12.336Z] {"type":"AUTH_EVENT","eventType":"LOGIN_SUCCESS","userId":19,"clientIP":"::1","details":"User renz1 logged in successfully","timestamp":"2025-07-19T12:26:12.336Z"}
[2025-07-19T12:26:28.749Z] {"type":"AUTH_EVENT","eventType":"AUTH_SUCCESS","userId":19,"clientIP":"::1","details":"JWT authentication successful","timestamp":"2025-07-19T12:26:28.749Z"}
[2025-07-19T12:28:06.879Z] {"type":"AUTH_EVENT","eventType":"LOGIN_SUCCESS","userId":19,"clientIP":"::1","details":"User renz1 logged in successfully","timestamp":"2025-07-19T12:28:06.879Z"}
[2025-07-19T12:28:12.959Z] {"type":"AUTH_EVENT","eventType":"AUTH_SUCCESS","userId":19,"clientIP":"::1","details":"JWT authentication successful","timestamp":"2025-07-19T12:28:12.958Z"}
[2025-07-19T12:30:03.641Z] {"type":"AUTH_EVENT","eventType":"LOGIN_SUCCESS","userId":19,"clientIP":"::1","details":"User renz1 logged in successfully","timestamp":"2025-07-19T12:30:03.641Z"}
[2025-07-19T12:30:05.143Z] {"type":"AUTH_EVENT","eventType":"AUTH_SUCCESS","userId":19,"clientIP":"::1","details":"JWT authentication successful","timestamp":"2025-07-19T12:30:05.143Z"}
[2025-07-19T12:31:31.518Z] {"type":"AUTH_EVENT","eventType":"LOGIN_FAILED","userId":null,"clientIP":"::1","details":"Login failed: Invalid username/email or password","timestamp":"2025-07-19T12:31:31.517Z"}
[2025-07-19T12:31:43.032Z] {"type":"AUTH_EVENT","eventType":"LOGIN_FAILED","userId":null,"clientIP":"::1","details":"Login failed: Invalid username/email or password","timestamp":"2025-07-19T12:31:43.032Z"}
[2025-07-19T12:32:59.595Z] {"type":"AUTH_EVENT","eventType":"LOGIN_SUCCESS","userId":20,"clientIP":"::1","details":"User renz2 logged in successfully","timestamp":"2025-07-19T12:32:59.595Z"}
[2025-07-19T12:34:31.808Z] {"type":"AUTH_EVENT","eventType":"LOGIN_SUCCESS","userId":19,"clientIP":"::1","details":"User renz1 logged in successfully","timestamp":"2025-07-19T12:34:31.808Z"}
[2025-07-19T12:37:55.883Z] {"type":"AUTH_EVENT","eventType":"LOGIN_SUCCESS","userId":19,"clientIP":"::1","details":"User renz1 logged in successfully","timestamp":"2025-07-19T12:37:55.883Z"}
[2025-07-19T12:37:57.202Z] {"type":"AUTH_EVENT","eventType":"AUTH_SUCCESS","userId":19,"clientIP":"::1","details":"JWT authentication successful","timestamp":"2025-07-19T12:37:57.202Z"}
[2025-07-19T12:43:09.966Z] {"type":"AUTH_EVENT","eventType":"LOGIN_SUCCESS","userId":20,"clientIP":"::1","details":"User renz2 logged in successfully","timestamp":"2025-07-19T12:43:09.966Z"}
[2025-07-19T12:46:20.071Z] {"type":"AUTH_EVENT","eventType":"AUTH_SUCCESS","userId":20,"clientIP":"::1","details":"JWT authentication successful","timestamp":"2025-07-19T12:46:20.071Z"}
[2025-07-19T12:49:13.994Z] {"type":"AUTH_EVENT","eventType":"LOGIN_SUCCESS","userId":19,"clientIP":"::1","details":"User renz1 logged in successfully","timestamp":"2025-07-19T12:49:13.994Z"}
[2025-07-19T12:49:20.829Z] {"type":"AUTH_EVENT","eventType":"LOGIN_FAILED","userId":null,"clientIP":"::1","details":"Login failed: Invalid username/email or password","timestamp":"2025-07-19T12:49:20.829Z"}
[2025-07-19T12:50:22.951Z] {"type":"AUTH_EVENT","eventType":"LOGIN_SUCCESS","userId":20,"clientIP":"::1","details":"User renz2 logged in successfully","timestamp":"2025-07-19T12:50:22.951Z"}
[2025-07-19T12:50:24.146Z] {"type":"AUTH_EVENT","eventType":"AUTH_SUCCESS","userId":20,"clientIP":"::1","details":"JWT authentication successful","timestamp":"2025-07-19T12:50:24.146Z"}
[2025-07-19T12:52:43.876Z] {"type":"AUTH_EVENT","eventType":"LOGIN_SUCCESS","userId":19,"clientIP":"::1","details":"User renz1 logged in successfully","timestamp":"2025-07-19T12:52:43.876Z"}
[2025-07-19T12:52:50.994Z] {"type":"AUTH_EVENT","eventType":"LOGIN_SUCCESS","userId":20,"clientIP":"::1","details":"User renz2 logged in successfully","timestamp":"2025-07-19T12:52:50.994Z"}
[2025-07-19T12:54:51.078Z] {"type":"AUTH_EVENT","eventType":"LOGIN_SUCCESS","userId":19,"clientIP":"::1","details":"User renz1 logged in successfully","timestamp":"2025-07-19T12:54:51.078Z"}
[2025-07-19T12:56:00.133Z] {"type":"AUTH_EVENT","eventType":"LOGIN_SUCCESS","userId":21,"clientIP":"::1","details":"User normal logged in successfully","timestamp":"2025-07-19T12:56:00.133Z"}
[2025-07-19T12:58:37.691Z] {"type":"AUTH_EVENT","eventType":"LOGIN_SUCCESS","userId":19,"clientIP":"::1","details":"User renz1 logged in successfully","timestamp":"2025-07-19T12:58:37.691Z"}
[2025-07-19T13:00:29.814Z] {"type":"AUTH_EVENT","eventType":"LOGIN_SUCCESS","userId":21,"clientIP":"::1","details":"User normal logged in successfully","timestamp":"2025-07-19T13:00:29.814Z"}
[2025-07-19T13:17:16.698Z] {"type":"AUTH_EVENT","eventType":"LOGIN_SUCCESS","userId":19,"clientIP":"::1","details":"User renz1 logged in successfully","timestamp":"2025-07-19T13:17:16.697Z"}
[2025-07-23T04:03:29.761Z] {"type":"AUTH_EVENT","eventType":"LOGIN_FAILED","userId":null,"clientIP":"::1","details":"Login failed: Session creation failed: Could not find the 'created_at' column of 'user_sessions' in the schema cache","timestamp":"2025-07-23T04:03:29.761Z"}
[2025-07-23T04:03:32.058Z] {"type":"AUTH_EVENT","eventType":"LOGIN_FAILED","userId":null,"clientIP":"::1","details":"Login failed: Session creation failed: Could not find the 'created_at' column of 'user_sessions' in the schema cache","timestamp":"2025-07-23T04:03:32.058Z"}
[2025-07-23T04:03:37.307Z] {"type":"AUTH_EVENT","eventType":"LOGIN_FAILED","userId":null,"clientIP":"::1","details":"Login failed: Session creation failed: Could not find the 'created_at' column of 'user_sessions' in the schema cache","timestamp":"2025-07-23T04:03:37.307Z"}
[2025-07-23T04:16:52.239Z] {"type":"AUTH_EVENT","eventType":"LOGIN_FAILED","userId":null,"clientIP":"::1","details":"Login failed: Session creation failed: Could not find the 'created_at' column of 'user_sessions' in the schema cache","timestamp":"2025-07-23T04:16:52.239Z"}
[2025-07-23T04:16:54.354Z] {"type":"AUTH_EVENT","eventType":"LOGIN_FAILED","userId":null,"clientIP":"::1","details":"Login failed: Session creation failed: Could not find the 'created_at' column of 'user_sessions' in the schema cache","timestamp":"2025-07-23T04:16:54.354Z"}
[2025-07-23T04:27:06.367Z] {"type":"AUTH_EVENT","eventType":"LOGIN_SUCCESS","userId":19,"clientIP":"::1","details":"User renz1 logged in successfully with session a7fceeba...","timestamp":"2025-07-23T04:27:06.367Z"}
[2025-07-23T04:33:16.422Z] {"type":"AUTH_EVENT","eventType":"AUTH_SUCCESS","userId":19,"clientIP":"::1","details":"Hybrid authentication successful","timestamp":"2025-07-23T04:33:16.421Z"}
[2025-07-23T04:36:17.042Z] {"type":"AUTH_EVENT","eventType":"AUTH_SUCCESS","userId":19,"clientIP":"::1","details":"Hybrid authentication successful","timestamp":"2025-07-23T04:36:17.042Z"}
[2025-07-23T04:36:17.263Z] {"type":"AUTH_EVENT","eventType":"LOGOUT_SUCCESS","userId":19,"clientIP":"::1","details":"User renz1 logged out successfully","timestamp":"2025-07-23T04:36:17.262Z"}
[2025-07-23T04:41:37.829Z] {"type":"AUTH_EVENT","eventType":"LOGIN_SUCCESS","userId":19,"clientIP":"::1","details":"User renz1 logged in successfully with session 0fc31da3...","timestamp":"2025-07-23T04:41:37.828Z"}
[2025-07-23T04:43:29.417Z] {"type":"AUTH_EVENT","eventType":"AUTH_FAILED","userId":null,"clientIP":"::1","details":"Missing JWT token or session cookie","timestamp":"2025-07-23T04:43:29.417Z"}
[2025-07-23T04:43:31.905Z] {"type":"AUTH_EVENT","eventType":"AUTH_FAILED","userId":null,"clientIP":"::1","details":"Missing JWT token or session cookie","timestamp":"2025-07-23T04:43:31.905Z"}
[2025-07-23T04:52:56.290Z] {"type":"AUTH_EVENT","eventType":"AUTH_FAILED","userId":null,"clientIP":"::1","details":"Missing JWT token or session cookie","timestamp":"2025-07-23T04:52:56.290Z"}
[2025-07-23T04:52:57.340Z] {"type":"AUTH_EVENT","eventType":"AUTH_FAILED","userId":null,"clientIP":"::1","details":"Missing JWT token or session cookie","timestamp":"2025-07-23T04:52:57.339Z"}
[2025-07-23T04:52:57.685Z] {"type":"AUTH_EVENT","eventType":"AUTH_FAILED","userId":null,"clientIP":"::1","details":"Missing JWT token or session cookie","timestamp":"2025-07-23T04:52:57.685Z"}
[2025-07-23T04:52:57.874Z] {"type":"AUTH_EVENT","eventType":"AUTH_FAILED","userId":null,"clientIP":"::1","details":"Missing JWT token or session cookie","timestamp":"2025-07-23T04:52:57.874Z"}
[2025-07-23T04:52:58.048Z] {"type":"AUTH_EVENT","eventType":"AUTH_FAILED","userId":null,"clientIP":"::1","details":"Missing JWT token or session cookie","timestamp":"2025-07-23T04:52:58.048Z"}
[2025-07-23T04:53:00.715Z] {"type":"AUTH_EVENT","eventType":"AUTH_FAILED","userId":null,"clientIP":"::1","details":"Missing JWT token or session cookie","timestamp":"2025-07-23T04:53:00.715Z"}
[2025-07-23T05:03:05.872Z] {"type":"AUTH_EVENT","eventType":"LOGIN_SUCCESS","userId":19,"clientIP":"::1","details":"User renz1 logged in successfully with session 29d87ae9...","timestamp":"2025-07-23T05:03:05.871Z"}
[2025-07-23T05:04:59.219Z] {"type":"AUTH_EVENT","eventType":"LOGIN_SUCCESS","userId":19,"clientIP":"::1","details":"User renz1 logged in successfully with session 094cff6e...","timestamp":"2025-07-23T05:04:59.219Z"}
[2025-07-23T05:05:16.473Z] {"type":"AUTH_EVENT","eventType":"AUTH_SUCCESS","userId":19,"clientIP":"::1","details":"Hybrid authentication successful","timestamp":"2025-07-23T05:05:16.473Z"}
[2025-07-23T05:05:16.603Z] {"type":"AUTH_EVENT","eventType":"LOGOUT_SUCCESS","userId":19,"clientIP":"::1","details":"User renz1 logged out successfully","timestamp":"2025-07-23T05:05:16.603Z"}
[2025-07-23T05:05:33.776Z] {"type":"AUTH_EVENT","eventType":"LOGIN_SUCCESS","userId":19,"clientIP":"::1","details":"User renz1 logged in successfully with session 03f61b83...","timestamp":"2025-07-23T05:05:33.776Z"}
[2025-07-23T05:09:15.299Z] {"type":"AUTH_EVENT","eventType":"LOGIN_SUCCESS","userId":19,"clientIP":"::1","details":"User renz1 logged in successfully with session 5920e14f...","timestamp":"2025-07-23T05:09:15.299Z"}
[2025-07-23T05:09:45.370Z] {"type":"AUTH_EVENT","eventType":"AUTH_FAILED","userId":19,"clientIP":"::1","details":"Invalid or expired session","timestamp":"2025-07-23T05:09:45.370Z"}
[2025-07-23T05:11:31.256Z] {"type":"AUTH_EVENT","eventType":"LOGIN_SUCCESS","userId":19,"clientIP":"::1","details":"User renz1 logged in successfully with session cefbf321...","timestamp":"2025-07-23T05:11:31.256Z"}
[2025-07-23T05:13:37.842Z] {"type":"AUTH_EVENT","eventType":"AUTH_FAILED","userId":null,"clientIP":"::1","details":"Missing JWT token or session cookie","timestamp":"2025-07-23T05:13:37.842Z"}
[2025-07-23T05:13:37.847Z] {"type":"AUTH_EVENT","eventType":"AUTH_FAILED","userId":null,"clientIP":"::1","details":"Missing JWT token or session cookie","timestamp":"2025-07-23T05:13:37.847Z"}
[2025-07-23T05:16:27.478Z] {"type":"AUTH_EVENT","eventType":"LOGIN_SUCCESS","userId":19,"clientIP":"::1","details":"User renz1 logged in successfully with session 13dbb68e...","timestamp":"2025-07-23T05:16:27.478Z"}
[2025-07-23T05:16:27.850Z] {"type":"AUTH_EVENT","eventType":"AUTH_SUCCESS","userId":19,"clientIP":"::1","details":"Hybrid authentication successful","timestamp":"2025-07-23T05:16:27.850Z"}
[2025-07-23T05:16:34.757Z] {"type":"AUTH_EVENT","eventType":"AUTH_FAILED","userId":19,"clientIP":"::1","details":"Invalid or expired session","timestamp":"2025-07-23T05:16:34.756Z"}
[2025-07-23T05:16:34.994Z] {"type":"AUTH_EVENT","eventType":"AUTH_FAILED","userId":19,"clientIP":"::1","details":"Invalid or expired session","timestamp":"2025-07-23T05:16:34.994Z"}
[2025-07-23T05:16:35.084Z] {"type":"AUTH_EVENT","eventType":"AUTH_FAILED","userId":19,"clientIP":"::1","details":"Invalid or expired session","timestamp":"2025-07-23T05:16:35.084Z"}
[2025-07-23T05:19:55.254Z] {"type":"AUTH_EVENT","eventType":"LOGIN_SUCCESS","userId":19,"clientIP":"::1","details":"User renz1 logged in successfully with session 9c5701c6...","timestamp":"2025-07-23T05:19:55.254Z"}
[2025-07-23T05:19:55.630Z] {"type":"AUTH_EVENT","eventType":"AUTH_SUCCESS","userId":19,"clientIP":"::1","details":"Hybrid authentication successful","timestamp":"2025-07-23T05:19:55.630Z"}
[2025-07-23T05:20:00.618Z] {"type":"AUTH_EVENT","eventType":"AUTH_SUCCESS","userId":19,"clientIP":"::1","details":"Hybrid authentication successful","timestamp":"2025-07-23T05:20:00.618Z"}
[2025-07-23T05:20:01.228Z] {"type":"AUTH_EVENT","eventType":"AUTH_SUCCESS","userId":19,"clientIP":"::1","details":"Hybrid authentication successful","timestamp":"2025-07-23T05:20:01.228Z"}
[2025-07-23T05:20:01.967Z] {"type":"AUTH_EVENT","eventType":"AUTH_SUCCESS","userId":19,"clientIP":"::1","details":"Hybrid authentication successful","timestamp":"2025-07-23T05:20:01.967Z"}
[2025-07-23T05:30:10.165Z] {"type":"AUTH_EVENT","eventType":"LOGIN_SUCCESS","userId":19,"clientIP":"::1","details":"User renz1 logged in successfully with session 1e0d18ca...","timestamp":"2025-07-23T05:30:10.165Z"}
[2025-07-23T05:30:10.585Z] {"type":"AUTH_EVENT","eventType":"AUTH_SUCCESS","userId":19,"clientIP":"::1","details":"Hybrid authentication successful","timestamp":"2025-07-23T05:30:10.584Z"}
[2025-07-23T05:30:14.025Z] {"type":"AUTH_EVENT","eventType":"AUTH_SUCCESS","userId":19,"clientIP":"::1","details":"Hybrid authentication successful","timestamp":"2025-07-23T05:30:14.025Z"}
[2025-07-23T05:30:14.698Z] {"type":"AUTH_EVENT","eventType":"AUTH_SUCCESS","userId":19,"clientIP":"::1","details":"Hybrid authentication successful","timestamp":"2025-07-23T05:30:14.698Z"}
[2025-07-23T05:30:24.835Z] {"type":"AUTH_EVENT","eventType":"AUTH_SUCCESS","userId":19,"clientIP":"::1","details":"Hybrid authentication successful","timestamp":"2025-07-23T05:30:24.835Z"}
[2025-07-23T05:31:00.916Z] {"type":"AUTH_EVENT","eventType":"LOGIN_SUCCESS","userId":19,"clientIP":"::1","details":"User renz1 logged in successfully with session 09c27287...","timestamp":"2025-07-23T05:31:00.916Z"}
[2025-07-23T05:31:01.406Z] {"type":"AUTH_EVENT","eventType":"AUTH_SUCCESS","userId":19,"clientIP":"::1","details":"Hybrid authentication successful","timestamp":"2025-07-23T05:31:01.406Z"}
[2025-07-23T05:31:04.811Z] {"type":"AUTH_EVENT","eventType":"AUTH_SUCCESS","userId":19,"clientIP":"::1","details":"Hybrid authentication successful","timestamp":"2025-07-23T05:31:04.811Z"}
[2025-07-23T05:31:05.607Z] {"type":"AUTH_EVENT","eventType":"AUTH_SUCCESS","userId":19,"clientIP":"::1","details":"Hybrid authentication successful","timestamp":"2025-07-23T05:31:05.607Z"}
[2025-07-23T05:31:08.780Z] {"type":"AUTH_EVENT","eventType":"AUTH_SUCCESS","userId":19,"clientIP":"::1","details":"Hybrid authentication successful","timestamp":"2025-07-23T05:31:08.780Z"}
[2025-07-23T05:31:31.576Z] {"type":"AUTH_EVENT","eventType":"LOGIN_SUCCESS","userId":19,"clientIP":"::1","details":"User renz1 logged in successfully with session 2ed1d342...","timestamp":"2025-07-23T05:31:31.576Z"}
[2025-07-23T05:31:31.891Z] {"type":"AUTH_EVENT","eventType":"AUTH_SUCCESS","userId":19,"clientIP":"::1","details":"Hybrid authentication successful","timestamp":"2025-07-23T05:31:31.891Z"}
[2025-07-23T05:31:33.387Z] {"type":"AUTH_EVENT","eventType":"AUTH_SUCCESS","userId":19,"clientIP":"::1","details":"Hybrid authentication successful","timestamp":"2025-07-23T05:31:33.387Z"}
[2025-07-23T05:31:33.974Z] {"type":"AUTH_EVENT","eventType":"AUTH_SUCCESS","userId":19,"clientIP":"::1","details":"Hybrid authentication successful","timestamp":"2025-07-23T05:31:33.974Z"}
[2025-07-23T05:31:38.866Z] {"type":"AUTH_EVENT","eventType":"AUTH_SUCCESS","userId":19,"clientIP":"::1","details":"Hybrid authentication successful","timestamp":"2025-07-23T05:31:38.866Z"}
[2025-07-23T05:32:18.890Z] {"type":"AUTH_EVENT","eventType":"LOGIN_SUCCESS","userId":19,"clientIP":"::1","details":"User renz1 logged in successfully with session d31cbef8...","timestamp":"2025-07-23T05:32:18.890Z"}
[2025-07-23T05:32:19.230Z] {"type":"AUTH_EVENT","eventType":"AUTH_SUCCESS","userId":19,"clientIP":"::1","details":"Hybrid authentication successful","timestamp":"2025-07-23T05:32:19.230Z"}
[2025-07-23T05:32:20.933Z] {"type":"AUTH_EVENT","eventType":"AUTH_SUCCESS","userId":19,"clientIP":"::1","details":"Hybrid authentication successful","timestamp":"2025-07-23T05:32:20.933Z"}
[2025-07-23T05:32:21.493Z] {"type":"AUTH_EVENT","eventType":"AUTH_SUCCESS","userId":19,"clientIP":"::1","details":"Hybrid authentication successful","timestamp":"2025-07-23T05:32:21.493Z"}
[2025-07-23T05:32:23.132Z] {"type":"AUTH_EVENT","eventType":"AUTH_SUCCESS","userId":19,"clientIP":"::1","details":"Hybrid authentication successful","timestamp":"2025-07-23T05:32:23.132Z"}
[2025-07-23T05:35:48.179Z] {"type":"AUTH_EVENT","eventType":"LOGIN_SUCCESS","userId":19,"clientIP":"::1","details":"User renz1 logged in successfully with session 3296bfdc...","timestamp":"2025-07-23T05:35:48.179Z"}
[2025-07-23T05:35:48.552Z] {"type":"AUTH_EVENT","eventType":"AUTH_SUCCESS","userId":19,"clientIP":"::1","details":"Hybrid authentication successful","timestamp":"2025-07-23T05:35:48.551Z"}
[2025-07-23T05:35:49.335Z] {"type":"AUTH_EVENT","eventType":"AUTH_SUCCESS","userId":19,"clientIP":"::1","details":"Hybrid authentication successful","timestamp":"2025-07-23T05:35:49.335Z"}
[2025-07-23T05:35:49.995Z] {"type":"AUTH_EVENT","eventType":"AUTH_SUCCESS","userId":19,"clientIP":"::1","details":"Hybrid authentication successful","timestamp":"2025-07-23T05:35:49.995Z"}
[2025-07-23T05:35:50.868Z] {"type":"AUTH_EVENT","eventType":"AUTH_SUCCESS","userId":19,"clientIP":"::1","details":"Hybrid authentication successful","timestamp":"2025-07-23T05:35:50.867Z"}
[2025-07-23T05:36:21.906Z] {"type":"AUTH_EVENT","eventType":"LOGIN_SUCCESS","userId":19,"clientIP":"::1","details":"User renz1 logged in successfully with session 75053273...","timestamp":"2025-07-23T05:36:21.906Z"}
[2025-07-23T05:36:22.193Z] {"type":"AUTH_EVENT","eventType":"AUTH_SUCCESS","userId":19,"clientIP":"::1","details":"Hybrid authentication successful","timestamp":"2025-07-23T05:36:22.193Z"}
[2025-07-23T05:36:22.857Z] {"type":"AUTH_EVENT","eventType":"AUTH_SUCCESS","userId":19,"clientIP":"::1","details":"Hybrid authentication successful","timestamp":"2025-07-23T05:36:22.857Z"}
[2025-07-23T05:36:23.566Z] {"type":"AUTH_EVENT","eventType":"AUTH_SUCCESS","userId":19,"clientIP":"::1","details":"Hybrid authentication successful","timestamp":"2025-07-23T05:36:23.566Z"}
[2025-07-23T05:36:24.245Z] {"type":"AUTH_EVENT","eventType":"AUTH_SUCCESS","userId":19,"clientIP":"::1","details":"Hybrid authentication successful","timestamp":"2025-07-23T05:36:24.245Z"}
[2025-07-23T05:36:55.151Z] {"type":"AUTH_EVENT","eventType":"LOGIN_SUCCESS","userId":19,"clientIP":"::1","details":"User renz1 logged in successfully with session 8a765752...","timestamp":"2025-07-23T05:36:55.151Z"}
[2025-07-23T05:37:32.593Z] {"type":"AUTH_EVENT","eventType":"LOGIN_SUCCESS","userId":19,"clientIP":"::1","details":"User renz1 logged in successfully with session 65fd8c8f...","timestamp":"2025-07-23T05:37:32.592Z"}
[2025-07-23T05:37:32.856Z] {"type":"AUTH_EVENT","eventType":"AUTH_SUCCESS","userId":19,"clientIP":"::1","details":"Hybrid authentication successful","timestamp":"2025-07-23T05:37:32.856Z"}
[2025-07-23T05:37:33.389Z] {"type":"AUTH_EVENT","eventType":"AUTH_SUCCESS","userId":19,"clientIP":"::1","details":"Hybrid authentication successful","timestamp":"2025-07-23T05:37:33.389Z"}
[2025-07-23T05:37:34.000Z] {"type":"AUTH_EVENT","eventType":"AUTH_SUCCESS","userId":19,"clientIP":"::1","details":"Hybrid authentication successful","timestamp":"2025-07-23T05:37:33.999Z"}
[2025-07-23T05:37:37.224Z] {"type":"AUTH_EVENT","eventType":"AUTH_SUCCESS","userId":19,"clientIP":"::1","details":"Hybrid authentication successful","timestamp":"2025-07-23T05:37:37.224Z"}
[2025-07-23T05:41:14.851Z] {"type":"AUTH_EVENT","eventType":"LOGIN_SUCCESS","userId":19,"clientIP":"::1","details":"User renz1 logged in successfully with session 1515c503...","timestamp":"2025-07-23T05:41:14.851Z"}
[2025-07-23T05:43:44.750Z] {"type":"AUTH_EVENT","eventType":"LOGIN_SUCCESS","userId":19,"clientIP":"::1","details":"User renz1 logged in successfully with session 320094ec...","timestamp":"2025-07-23T05:43:44.749Z"}
[2025-07-23T05:44:33.408Z] {"type":"AUTH_EVENT","eventType":"AUTH_SUCCESS","userId":19,"clientIP":"::1","details":"Hybrid authentication successful","timestamp":"2025-07-23T05:44:33.408Z"}
[2025-07-23T05:44:33.570Z] {"type":"AUTH_EVENT","eventType":"LOGOUT_SUCCESS","userId":19,"clientIP":"::1","details":"User renz1 logged out successfully","timestamp":"2025-07-23T05:44:33.570Z"}
[2025-07-23T05:44:40.396Z] {"type":"AUTH_EVENT","eventType":"LOGIN_SUCCESS","userId":19,"clientIP":"::1","details":"User renz1 logged in successfully with session 7c9ec56d...","timestamp":"2025-07-23T05:44:40.395Z"}
[2025-07-23T05:47:07.465Z] {"type":"AUTH_EVENT","eventType":"LOGIN_SUCCESS","userId":19,"clientIP":"::1","details":"User renz1 logged in successfully with session 7ca96c91...","timestamp":"2025-07-23T05:47:07.465Z"}
[2025-07-23T05:50:40.860Z] {"type":"AUTH_EVENT","eventType":"LOGIN_SUCCESS","userId":19,"clientIP":"::1","details":"User renz1 logged in successfully with session a3147466...","timestamp":"2025-07-23T05:50:40.860Z"}
[2025-07-23T05:52:59.139Z] {"type":"AUTH_EVENT","eventType":"LOGIN_SUCCESS","userId":19,"clientIP":"::1","details":"User renz1 logged in successfully with session 5f556b4c...","timestamp":"2025-07-23T05:52:59.139Z"}
[2025-07-23T05:58:02.072Z] {"type":"AUTH_EVENT","eventType":"LOGIN_SUCCESS","userId":19,"clientIP":"::1","details":"User renz1 logged in successfully with session 8da7d4e3...","timestamp":"2025-07-23T05:58:02.071Z"}
[2025-07-23T05:58:31.027Z] {"type":"AUTH_EVENT","eventType":"AUTH_FAILED","userId":19,"clientIP":"::1","details":"Invalid or expired session","timestamp":"2025-07-23T05:58:31.026Z"}
[2025-07-23T05:58:31.250Z] {"type":"AUTH_EVENT","eventType":"AUTH_FAILED","userId":19,"clientIP":"::1","details":"Invalid or expired session","timestamp":"2025-07-23T05:58:31.249Z"}
[2025-07-23T05:58:41.446Z] {"type":"AUTH_EVENT","eventType":"LOGIN_SUCCESS","userId":19,"clientIP":"::1","details":"User renz1 logged in successfully with session c489159b...","timestamp":"2025-07-23T05:58:41.446Z"}
[2025-07-23T06:01:37.132Z] {"type":"AUTH_EVENT","eventType":"LOGIN_FAILED","userId":null,"clientIP":"::1","details":"Login failed: Invalid username/email or password","timestamp":"2025-07-23T06:01:37.131Z"}
[2025-07-23T06:02:41.449Z] {"type":"AUTH_EVENT","eventType":"LOGIN_SUCCESS","userId":19,"clientIP":"::1","details":"User renz1 logged in successfully with session 13712ad8...","timestamp":"2025-07-23T06:02:41.448Z"}
[2025-07-23T06:03:09.949Z] {"type":"AUTH_EVENT","eventType":"AUTH_SUCCESS","userId":19,"clientIP":"::1","details":"Hybrid authentication successful","timestamp":"2025-07-23T06:03:09.949Z"}
[2025-07-23T06:03:10.113Z] {"type":"AUTH_EVENT","eventType":"LOGOUT_SUCCESS","userId":19,"clientIP":"::1","details":"User renz1 logged out successfully","timestamp":"2025-07-23T06:03:10.112Z"}
[2025-07-23T06:03:17.549Z] {"type":"AUTH_EVENT","eventType":"LOGIN_SUCCESS","userId":19,"clientIP":"::1","details":"User renz1 logged in successfully with session 9bd2b073...","timestamp":"2025-07-23T06:03:17.549Z"}
[2025-07-23T06:05:16.609Z] {"type":"AUTH_EVENT","eventType":"LOGIN_SUCCESS","userId":19,"clientIP":"::1","details":"User renz1 logged in successfully with session 214fa6ca...","timestamp":"2025-07-23T06:05:16.609Z"}
[2025-07-23T06:07:01.464Z] {"type":"AUTH_EVENT","eventType":"AUTH_FAILED","userId":19,"clientIP":"::1","details":"Invalid or expired session","timestamp":"2025-07-23T06:07:01.464Z"}
[2025-07-23T06:07:01.611Z] {"type":"AUTH_EVENT","eventType":"AUTH_FAILED","userId":19,"clientIP":"::ffff:127.0.0.1","details":"Invalid or expired session","timestamp":"2025-07-23T06:07:01.611Z"}
[2025-07-23T06:07:01.756Z] {"type":"AUTH_EVENT","eventType":"AUTH_FAILED","userId":19,"clientIP":"::1","details":"Invalid or expired session","timestamp":"2025-07-23T06:07:01.756Z"}
[2025-07-23T06:08:28.642Z] {"type":"AUTH_EVENT","eventType":"LOGIN_SUCCESS","userId":19,"clientIP":"::1","details":"User renz1 logged in successfully with session 00445964...","timestamp":"2025-07-23T06:08:28.642Z"}
[2025-07-23T06:08:29.074Z] {"type":"AUTH_EVENT","eventType":"AUTH_SUCCESS","userId":19,"clientIP":"::1","details":"Hybrid authentication successful","timestamp":"2025-07-23T06:08:29.074Z"}
[2025-07-23T06:08:29.631Z] {"type":"AUTH_EVENT","eventType":"AUTH_SUCCESS","userId":19,"clientIP":"::1","details":"Hybrid authentication successful","timestamp":"2025-07-23T06:08:29.631Z"}
[2025-07-23T06:08:30.197Z] {"type":"AUTH_EVENT","eventType":"AUTH_SUCCESS","userId":19,"clientIP":"::1","details":"Hybrid authentication successful","timestamp":"2025-07-23T06:08:30.197Z"}
[2025-07-23T06:08:30.790Z] {"type":"AUTH_EVENT","eventType":"AUTH_SUCCESS","userId":19,"clientIP":"::1","details":"Hybrid authentication successful","timestamp":"2025-07-23T06:08:30.790Z"}
[2025-07-23T06:09:34.099Z] {"type":"AUTH_EVENT","eventType":"LOGIN_SUCCESS","userId":19,"clientIP":"::1","details":"User renz1 logged in successfully with session 11d2d86a...","timestamp":"2025-07-23T06:09:34.099Z"}
[2025-07-23T06:09:34.480Z] {"type":"AUTH_EVENT","eventType":"AUTH_SUCCESS","userId":19,"clientIP":"::1","details":"Hybrid authentication successful","timestamp":"2025-07-23T06:09:34.480Z"}
[2025-07-23T06:09:35.007Z] {"type":"AUTH_EVENT","eventType":"AUTH_SUCCESS","userId":19,"clientIP":"::1","details":"Hybrid authentication successful","timestamp":"2025-07-23T06:09:35.007Z"}
[2025-07-23T06:09:35.511Z] {"type":"AUTH_EVENT","eventType":"AUTH_SUCCESS","userId":19,"clientIP":"::1","details":"Hybrid authentication successful","timestamp":"2025-07-23T06:09:35.511Z"}
[2025-07-23T06:09:36.032Z] {"type":"AUTH_EVENT","eventType":"AUTH_SUCCESS","userId":19,"clientIP":"::1","details":"Hybrid authentication successful","timestamp":"2025-07-23T06:09:36.032Z"}
[2025-07-23T06:12:09.643Z] {"type":"AUTH_EVENT","eventType":"LOGIN_SUCCESS","userId":19,"clientIP":"::1","details":"User renz1 logged in successfully with session 41a40973...","timestamp":"2025-07-23T06:12:09.642Z"}
[2025-07-23T06:12:10.196Z] {"type":"AUTH_EVENT","eventType":"AUTH_SUCCESS","userId":19,"clientIP":"::1","details":"Hybrid authentication successful","timestamp":"2025-07-23T06:12:10.196Z"}
[2025-07-23T06:12:44.546Z] {"type":"AUTH_EVENT","eventType":"AUTH_FAILED","userId":19,"clientIP":"::1","details":"Invalid or expired session","timestamp":"2025-07-23T06:12:44.546Z"}
[2025-07-23T06:12:44.705Z] {"type":"AUTH_EVENT","eventType":"AUTH_FAILED","userId":19,"clientIP":"::1","details":"Invalid or expired session","timestamp":"2025-07-23T06:12:44.705Z"}
[2025-07-23T06:12:56.482Z] {"type":"AUTH_EVENT","eventType":"LOGIN_SUCCESS","userId":19,"clientIP":"::1","details":"User renz1 logged in successfully with session b43cc2bf...","timestamp":"2025-07-23T06:12:56.482Z"}
